{"name": "test_vwologin_negative", "status": "broken", "statusDetails": {"message": "selenium.common.exceptions.InvalidSelectorException: Message: invalid selector: Unable to locate an element with the xpath expression //div[@id, js-notification-box-msg] because of the following error:\nSyntaxError: Failed to execute 'evaluate' on 'Document': The string '//div[@id, js-notification-box-msg]' is not a valid XPath expression.\n  (Session info: chrome=122.0.6261.128); For documentation on this error, please visit: https://www.selenium.dev/documentation/webdriver/troubleshooting/errors#invalid-selector-exception\nStacktrace:\n\tGetHandleVerifier [0x00007FF741BAAD02+56930]\n\t(No symbol) [0x00007FF741B1F602]\n\t(No symbol) [0x00007FF7419D42E5]\n\t(No symbol) [0x00007FF7419D9261]\n\t(No symbol) [0x00007FF7419DB6EB]\n\t(No symbol) [0x00007FF7419DB7B0]\n\t(No symbol) [0x00007FF741A1955C]\n\t(No symbol) [0x00007FF741A19A2C]\n\t(No symbol) [0x00007FF741A5A967]\n\t(No symbol) [0x00007FF741A3BCDF]\n\t(No symbol) [0x00007FF741A581E2]\n\t(No symbol) [0x00007FF741A3BA43]\n\t(No symbol) [0x00007FF741A0D438]\n\t(No symbol) [0x00007FF741A0E4D1]\n\tGetHandleVerifier [0x00007FF741F26F8D+3711213]\n\tGetHandleVerifier [0x00007FF741F804CD+4077101]\n\tGetHandleVerifier [0x00007FF741F7865F+4044735]\n\tGetHandleVerifier [0x00007FF741C49736+706710]\n\t(No symbol) [0x00007FF741B2B8DF]\n\t(No symbol) [0x00007FF741B26AC4]\n\t(No symbol) [0x00007FF741B26C1C]\n\t(No symbol) [0x00007FF741B168D4]\n\tBaseThreadInitThunk [0x00007FFC5BC1257D+29]\n\tRtlUserThreadStart [0x00007FFC5BD6AA58+40]", "trace": "setup = <selenium.webdriver.chrome.webdriver.WebDriver (session=\"e6fe37701bf8bcda03c7f0cc8d3b73da\")>\n\n    @allure.epic(\"VWO Login Test\")\n    @allure.feature(\"TC#0 - VWO App Negative Test\")\n    def test_vwologin_negative(setup):\n        driver = setup\n        loginPage = Loginpage(driver)\n        loginPage.login_page(user=\"admin\", pwd=\"admin\")\n        time.sleep(5)\n>       error_message = loginPage.get_error_message_text()\n\ntest_vwoLogin.py:35: \n_ _ _ _ _ _ _ _ _ _ _ _ _ _ _ _ _ _ _ _ _ _ _ _ _ _ _ _ _ _ _ _ _ _ _ _ _ _ _ _\n..\\pageObject\\loginpage.py:37: in get_error_message_text\n    return self.get_error_message().text\n..\\pageObject\\loginpage.py:28: in get_error_message\n    return self.driver.find_element(*Loginpage.error)\n..\\..\\.venv\\Lib\\site-packages\\selenium\\webdriver\\remote\\webdriver.py:741: in find_element\n    return self.execute(Command.FIND_ELEMENT, {\"using\": by, \"value\": value})[\"value\"]\n..\\..\\.venv\\Lib\\site-packages\\selenium\\webdriver\\remote\\webdriver.py:347: in execute\n    self.error_handler.check_response(response)\n_ _ _ _ _ _ _ _ _ _ _ _ _ _ _ _ _ _ _ _ _ _ _ _ _ _ _ _ _ _ _ _ _ _ _ _ _ _ _ _\n\nself = <selenium.webdriver.remote.errorhandler.ErrorHandler object at 0x000001B64DC7D510>\nresponse = {'status': 400, 'value': '{\"value\":{\"error\":\"invalid selector\",\"message\":\"invalid selector: Unable to locate an elemen...07FF741B168D4]\\\\n\\\\tBaseThreadInitThunk [0x00007FFC5BC1257D+29]\\\\n\\\\tRtlUserThreadStart [0x00007FFC5BD6AA58+40]\\\\n\"}}'}\n\n    def check_response(self, response: Dict[str, Any]) -> None:\n        \"\"\"Checks that a JSON response from the WebDriver does not have an\n        error.\n    \n        :Args:\n         - response - The JSON response from the WebDriver server as a dictionary\n           object.\n    \n        :Raises: If the response contains an error message.\n        \"\"\"\n        status = response.get(\"status\", None)\n        if not status or status == ErrorCode.SUCCESS:\n            return\n        value = None\n        message = response.get(\"message\", \"\")\n        screen: str = response.get(\"screen\", \"\")\n        stacktrace = None\n        if isinstance(status, int):\n            value_json = response.get(\"value\", None)\n            if value_json and isinstance(value_json, str):\n                import json\n    \n                try:\n                    value = json.loads(value_json)\n                    if len(value) == 1:\n                        value = value[\"value\"]\n                    status = value.get(\"error\", None)\n                    if not status:\n                        status = value.get(\"status\", ErrorCode.UNKNOWN_ERROR)\n                        message = value.get(\"value\") or value.get(\"message\")\n                        if not isinstance(message, str):\n                            value = message\n                            message = message.get(\"message\")\n                    else:\n                        message = value.get(\"message\", None)\n                except ValueError:\n                    pass\n    \n        exception_class: Type[WebDriverException]\n        e = ErrorCode()\n        error_codes = [item for item in dir(e) if not item.startswith(\"__\")]\n        for error_code in error_codes:\n            error_info = getattr(ErrorCode, error_code)\n            if isinstance(error_info, list) and status in error_info:\n                exception_class = getattr(ExceptionMapping, error_code, WebDriverException)\n                break\n        else:\n            exception_class = WebDriverException\n    \n        if not value:\n            value = response[\"value\"]\n        if isinstance(value, str):\n            raise exception_class(value)\n        if message == \"\" and \"message\" in value:\n            message = value[\"message\"]\n    \n        screen = None  # type: ignore[assignment]\n        if \"screen\" in value:\n            screen = value[\"screen\"]\n    \n        stacktrace = None\n        st_value = value.get(\"stackTrace\") or value.get(\"stacktrace\")\n        if st_value:\n            if isinstance(st_value, str):\n                stacktrace = st_value.split(\"\\n\")\n            else:\n                stacktrace = []\n                try:\n                    for frame in st_value:\n                        line = frame.get(\"lineNumber\", \"\")\n                        file = frame.get(\"fileName\", \"<anonymous>\")\n                        if line:\n                            file = f\"{file}:{line}\"\n                        meth = frame.get(\"methodName\", \"<anonymous>\")\n                        if \"className\" in frame:\n                            meth = f\"{frame['className']}.{meth}\"\n                        msg = \"    at %s (%s)\"\n                        msg = msg % (meth, file)\n                        stacktrace.append(msg)\n                except TypeError:\n                    pass\n        if exception_class == UnexpectedAlertPresentException:\n            alert_text = None\n            if \"data\" in value:\n                alert_text = value[\"data\"].get(\"text\")\n            elif \"alert\" in value:\n                alert_text = value[\"alert\"].get(\"text\")\n            raise exception_class(message, screen, stacktrace, alert_text)  # type: ignore[call-arg]  # mypy is not smart enough here\n>       raise exception_class(message, screen, stacktrace)\nE       selenium.common.exceptions.InvalidSelectorException: Message: invalid selector: Unable to locate an element with the xpath expression //div[@id, js-notification-box-msg] because of the following error:\nE       SyntaxError: Failed to execute 'evaluate' on 'Document': The string '//div[@id, js-notification-box-msg]' is not a valid XPath expression.\nE         (Session info: chrome=122.0.6261.128); For documentation on this error, please visit: https://www.selenium.dev/documentation/webdriver/troubleshooting/errors#invalid-selector-exception\nE       Stacktrace:\nE       \tGetHandleVerifier [0x00007FF741BAAD02+56930]\nE       \t(No symbol) [0x00007FF741B1F602]\nE       \t(No symbol) [0x00007FF7419D42E5]\nE       \t(No symbol) [0x00007FF7419D9261]\nE       \t(No symbol) [0x00007FF7419DB6EB]\nE       \t(No symbol) [0x00007FF7419DB7B0]\nE       \t(No symbol) [0x00007FF741A1955C]\nE       \t(No symbol) [0x00007FF741A19A2C]\nE       \t(No symbol) [0x00007FF741A5A967]\nE       \t(No symbol) [0x00007FF741A3BCDF]\nE       \t(No symbol) [0x00007FF741A581E2]\nE       \t(No symbol) [0x00007FF741A3BA43]\nE       \t(No symbol) [0x00007FF741A0D438]\nE       \t(No symbol) [0x00007FF741A0E4D1]\nE       \tGetHandleVerifier [0x00007FF741F26F8D+3711213]\nE       \tGetHandleVerifier [0x00007FF741F804CD+4077101]\nE       \tGetHandleVerifier [0x00007FF741F7865F+4044735]\nE       \tGetHandleVerifier [0x00007FF741C49736+706710]\nE       \t(No symbol) [0x00007FF741B2B8DF]\nE       \t(No symbol) [0x00007FF741B26AC4]\nE       \t(No symbol) [0x00007FF741B26C1C]\nE       \t(No symbol) [0x00007FF741B168D4]\nE       \tBaseThreadInitThunk [0x00007FFC5BC1257D+29]\nE       \tRtlUserThreadStart [0x00007FFC5BD6AA58+40]\n\n..\\..\\.venv\\Lib\\site-packages\\selenium\\webdriver\\remote\\errorhandler.py:229: InvalidSelectorException"}, "start": 1710508516462, "stop": 1710508522132, "uuid": "7799c7d3-71f8-4cd2-811c-f21aba5e5022", "historyId": "9fba550050753959d4bd8407f7e5c5a6", "testCaseId": "9fba550050753959d4bd8407f7e5c5a6", "fullName": "tests.vwoLogintests.test_vwoLogin#test_vwologin_negative", "labels": [{"name": "feature", "value": "TC#0 - VWO App Negative Test"}, {"name": "epic", "value": "VWO Login Test"}, {"name": "parentSuite", "value": "tests.vwoLogintests"}, {"name": "suite", "value": "test_vwoLogin"}, {"name": "host", "value": "CMI109-Dipanshu"}, {"name": "thread", "value": "15076-MainThread"}, {"name": "framework", "value": "pytest"}, {"name": "language", "value": "cpython3"}, {"name": "package", "value": "tests.vwoLogintests.test_vwoLogin"}]}